<?xml version="1.0" encoding="utf-8"?><testsuites name="pytest tests"><testsuite name="pytest" errors="0" failures="0" skipped="0" tests="82" time="68.086" timestamp="2026-06-23T20:08:59.282457-05:00" hostname="LAPTOP-V7NV3KN9"><testcase classname="tests.test_admin" name="test_admin_resumen_bd" time="5.877" /><testcase classname="tests.test_admin" name="test_admin_anio_escolar_list_and_activate" time="1.056" /><testcase classname="tests.test_admin" name="test_admin_eliminar_demo_requires_admin" time="1.231" /><testcase classname="tests.test_alertas_seguimiento" name="test_registrar_seguimiento_y_cambiar_estado" time="1.417" /><testcase classname="tests.test_alertas_seguimiento" name="test_intervencion_registra_seguimiento_en_alerta" time="1.209" /><testcase classname="tests.test_alertas_seguimiento" name="test_alerta_cerrada_no_aparece_en_prioritarias" time="1.192" /><testcase classname="tests.test_apoderados" name="test_guardar_apoderado_principal_unico" time="0.871" /><testcase classname="tests.test_apoderados" name="test_api_apoderado_get_y_post" time="1.263" /><testcase classname="tests.test_apoderados" name="test_registrar_estudiante_con_apoderado" time="1.130" /><testcase classname="tests.test_apoderados" name="test_alertas_incluyen_telefono_apoderado" time="1.665" /><testcase classname="tests.test_auth" name="test_login_admin_ok" time="0.986" /><testcase classname="tests.test_auth" name="test_login_docente_ok" time="0.955" /><testcase classname="tests.test_auth" name="test_login_invalid_credentials" time="0.965" /><testcase classname="tests.test_auth" name="test_protected_route_requires_auth" time="0.813" /><testcase classname="tests.test_auth" name="test_docente_cannot_access_admin" time="0.991" /><testcase classname="tests.test_auth" name="test_admin_can_access_admin_panel" time="1.043" /><testcase classname="tests.test_auth" name="test_intervencion_saves_docente_id" time="1.306" /><testcase classname="tests.test_auth" name="test_auth_recuperar_public" time="0.839" /><testcase classname="tests.test_convivencia" name="test_crear_derivacion_e_incidencia" time="1.055" /><testcase classname="tests.test_convivencia" name="test_actualizar_estado_derivacion" time="0.996" /><testcase classname="tests.test_convivencia" name="test_rechaza_derivacion_con_intervencion_incorrecta" time="1.599" /><testcase classname="tests.test_indicadores" name="test_calcular_y_listar_indicadores" time="2.743" /><testcase classname="tests.test_indicadores" name="test_asistencias_diarias_recalcula_evaluacion" time="1.187" /><testcase classname="tests.test_indicadores" name="test_guardar_competencias_en_evaluacion" time="1.338" /><testcase classname="tests.test_indicadores" name="test_export_incluye_hoja_indicadores" time="3.499" /><testcase classname="tests.test_intervenciones" name="test_listar_intervenciones_filtra_por_fechas" time="1.221" /><testcase classname="tests.test_intervenciones" name="test_api_intervenciones_acepta_filtro_fechas" time="1.433" /><testcase classname="tests.test_intervenciones" name="test_api_intervenciones_rechaza_rango_invalido" time="0.792" /><testcase classname="tests.test_logic" name="test_grade_mapping_peru_scale" time="0.118" /><testcase classname="tests.test_logic" name="test_predict_endpoint_with_valid_payload" time="0.174" /><testcase classname="tests.test_logic" name="test_predict_endpoint_missing_data_returns_controlled_error" time="0.190" /><testcase classname="tests.test_logic" name="test_api_status_model_loaded" time="0.115" /><testcase classname="tests.test_logic" name="test_api_status_without_model" time="0.113" /><testcase classname="tests.test_logic" name="test_predict_without_model_returns_500" time="0.112" /><testcase classname="tests.test_logic" name="test_api_status_includes_database" time="0.110" /><testcase classname="tests.test_logic" name="test_model_file_is_loaded_correctly" time="0.112" /><testcase classname="tests.test_matricula" name="test_registrar_estudiante_con_matricula" time="0.740" /><testcase classname="tests.test_matricula" name="test_matricula_unica_por_ano" time="0.686" /><testcase classname="tests.test_matricula" name="test_listar_estudiantes_por_seccion" time="0.672" /><testcase classname="tests.test_matricula" name="test_docente_ve_solo_sus_secciones" time="0.952" /><testcase classname="tests.test_matricula" name="test_api_secciones_docente" time="0.878" /><testcase classname="tests.test_matricula" name="test_buscar_asigna_matricula_si_falta" time="0.911" /><testcase classname="tests.test_persistence" name="test_predict_persists_with_student_name" time="0.777" /><testcase classname="tests.test_persistence" name="test_predict_without_name_or_dni_returns_error" time="0.721" /><testcase classname="tests.test_persistence" name="test_api_estudiantes_list" time="0.791" /><testcase classname="tests.test_persistence" name="test_api_resumen_reflects_persisted_data" time="0.797" /><testcase classname="tests.test_reforzamiento" name="test_listar_cursos_con_cupos" time="0.628" /><testcase classname="tests.test_reforzamiento" name="test_inscripcion_sesion_y_material" time="0.944" /><testcase classname="tests.test_reforzamiento" name="test_patch_inscripcion_resultado" time="0.927" /><testcase classname="tests.test_reforzamiento" name="test_inferir_motivo_y_area" time="0.001" /><testcase classname="tests.test_reforzamiento" name="test_rechaza_archivo_invalido_en_material" time="0.965" /><testcase classname="tests.test_reportes" name="test_filter_estudiantes_by_riesgo" time="1.125" /><testcase classname="tests.test_reportes" name="test_exportar_reporte_xlsx" time="1.062" /><testcase classname="tests.test_repository" name="test_init_database_creates_schema" time="0.774" /><testcase classname="tests.test_repository" name="test_guardar_prediccion_y_consultas" time="0.674" /><testcase classname="tests.test_repository" name="test_registrar_carga_siagie" time="0.670" /><testcase classname="tests.test_repository" name="test_buscar_o_crear_estudiante_no_duplica" time="0.661" /><testcase classname="tests.test_risk_engine" name="test_matriz_casos_pedagogicos[87-C-C-7-0.24-medio-0.45-rendimiento]" time="0.002" /><testcase classname="tests.test_risk_engine" name="test_matriz_casos_pedagogicos[100-C-C-8-0.15-alto-0.7-inicio]" time="0.002" /><testcase classname="tests.test_risk_engine" name="test_matriz_casos_pedagogicos[85-C-A-7-0.2-medio-0.45-Matem\xe1tica]" time="0.002" /><testcase classname="tests.test_risk_engine" name="test_matriz_casos_pedagogicos[90-AD-C-8-0.18-medio-0.45-Comunicaci\xf3n]" time="0.002" /><testcase classname="tests.test_risk_engine" name="test_matriz_casos_pedagogicos[82-B-B-6-0.2-medio-0.45-proceso]" time="0.002" /><testcase classname="tests.test_risk_engine" name="test_matriz_casos_pedagogicos[55-A-A-6-0.1-alto-0.7-deserci\xf3n]" time="0.003" /><testcase classname="tests.test_risk_engine" name="test_matriz_casos_pedagogicos[65-B-B-5-0.15-alto-0.7-baja]" time="0.002" /><testcase classname="tests.test_risk_engine" name="test_matriz_casos_pedagogicos[75-A-B-7-0.12-medio-0.45-regular]" time="0.002" /><testcase classname="tests.test_risk_engine" name="test_matriz_casos_pedagogicos[62-C-C-3-0.3-alto-0.85-asistencia]" time="0.002" /><testcase classname="tests.test_risk_engine" name="test_matriz_casos_pedagogicos[95-AD-A-9-0.1-bajo-0.0-esperado]" time="0.002" /><testcase classname="tests.test_risk_engine" name="test_matriz_casos_pedagogicos[88-A-A-8-0.12-bajo-0.0-esperado]" time="0.003" /><testcase classname="tests.test_risk_engine" name="test_matriz_casos_pedagogicos[72-A-AD-7-0.1-medio-0.45-inasistencias]" time="0.002" /><testcase classname="tests.test_risk_engine" name="test_nivel_desde_probabilidad" time="0.001" /><testcase classname="tests.test_security_headers" name="test_security_headers_on_status" time="0.724" /><testcase classname="tests.test_siagie" name="test_upload_siagie_valid_excel" time="0.921" /><testcase classname="tests.test_siagie" name="test_upload_siagie_demo_file" time="1.160" /><testcase classname="tests.test_siagie" name="test_upload_siagie_missing_file" time="0.751" /><testcase classname="tests.test_siagie" name="test_upload_siagie_invalid_excel" time="0.771" /><testcase classname="tests.test_siagie" name="test_upload_siagie_unprocessable_rows" time="0.785" /><testcase classname="tests.test_siagie" name="test_upload_siagie_without_model" time="0.760" /><testcase classname="tests.test_validators" name="test_normalizar_dni_ok" time="0.001" /><testcase classname="tests.test_validators" name="test_normalizar_dni_rechaza" time="0.002" /><testcase classname="tests.test_validators" name="test_validar_rangos" time="0.001" /><testcase classname="tests.test_validators" name="test_validar_nombre" time="0.001" /><testcase classname="tests.test_validators" name="test_validar_telefono_y_usuario" time="0.002" /></testsuite></testsuites>