<?xml version="1.0" encoding="utf-8"?><testsuites name="pytest tests"><testsuite name="pytest" errors="0" failures="0" skipped="0" tests="4" time="18.192" timestamp="2026-05-26T21:14:06.528515-05:00" hostname="LAPTOP-V7NV3KN9"><testcase classname="tests.test_logic" name="test_grade_mapping_peru_scale" time="17.587" /><testcase classname="tests.test_logic" name="test_predict_endpoint_with_valid_payload" time="0.113" /><testcase classname="tests.test_logic" name="test_predict_endpoint_missing_data_returns_controlled_error" time="0.093" /><testcase classname="tests.test_logic" name="test_model_file_is_loaded_correctly" time="0.104" /></testsuite></testsuites>